<?xml version="1.0" encoding="UTF-8"?>
<testsuite xmlns:xsi="http://www.w3.org/2001/XMLSchema-instance" xsi:noNamespaceSchemaLocation="https://maven.apache.org/surefire/maven-surefire-plugin/xsd/surefire-test-report.xsd" name="testRunner.Runner" time="14.04" tests="4" errors="0" skipped="0" failures="0">
  <properties>
[...]
</properties>
  <testcase name="Given open chrome browser" classname="Scenario: functional testing" time="0"/>
  <testcase name="When open gmail.com" classname="Scenario: functional testing" time="0"/>
  <testcase name="Then exit" classname="Scenario: functional testing" time="0"/>
  <testcase name="Scenario: functional testing" classname="Scenario: functional testing" time="0"/>
</testsuite>