<?xml version="1.0" encoding="UTF-8"?>
<testng-results skipped="0" failed="0" ignored="0" total="2" passed="2">
  <reporter-output>
  </reporter-output>
  <suite name="xmldemo" duration-ms="67" started-at="2017-11-24T18:17:11Z" finished-at="2017-11-24T18:17:11Z">
    <groups>
    </groups>
    <test name="demo" duration-ms="67" started-at="2017-11-24T18:17:11Z" finished-at="2017-11-24T18:17:11Z">
      <class name="com.wordpress.page.Annatation">
        <test-method status="PASS" signature="method()[pri:0, instance:com.wordpress.page.Annatation@7921b0a2]" name="method" duration-ms="20" started-at="2017-11-24T23:47:11Z" finished-at="2017-11-24T23:47:11Z">
          <reporter-output>
          </reporter-output>
        </test-method> <!-- method -->
      </class> <!-- com.wordpress.page.Annatation -->
      <class name="com.wordpress.page.Annatation2">
        <test-method status="PASS" signature="method()[pri:0, instance:com.wordpress.page.Annatation2@1efbd816]" name="method" duration-ms="6" started-at="2017-11-24T23:47:11Z" finished-at="2017-11-24T23:47:11Z">
          <reporter-output>
          </reporter-output>
        </test-method> <!-- method -->
      </class> <!-- com.wordpress.page.Annatation2 -->
    </test> <!-- demo -->
  </suite> <!-- xmldemo -->
</testng-results>
