<?xml version="1.0" encoding="UTF-8"?>
<testsuite xmlns:xsi="http://www.w3.org/2001/XMLSchema-instance" xsi:noNamespaceSchemaLocation="https://maven.apache.org/surefire/maven-surefire-plugin/xsd/surefire-test-report.xsd" name="runnerAppium.Testrunappium" time="124.139" tests="4" errors="0" skipped="0" failures="0">
  <properties>
[...]
</properties>
  <testcase name="Given open browser and enter url" classname="Scenario: signup scenario testing" time="0.005"/>
  <testcase name="When click on signup" classname="Scenario: signup scenario testing" time="0"/>
  <testcase name="Then logout" classname="Scenario: signup scenario testing" time="0.001"/>
  <testcase name="Scenario: signup scenario testing" classname="Scenario: signup scenario testing" time="0.004"/>
</testsuite>